<?xml version="1.0" encoding="UTF-8"?>
<coverage generated="1570766217683" clover="3.2.0">
  <project timestamp="1570766217684" name="All files">
    <metrics statements="67" coveredstatements="65" conditionals="18" coveredconditionals="16" methods="16" coveredmethods="15" elements="101" coveredelements="96" complexity="0" loc="67" ncloc="67" packages="2" files="3" classes="3"/>
    <package name="MyLib.lib">
      <metrics statements="56" coveredstatements="54" conditionals="14" coveredconditionals="13" methods="13" coveredmethods="12"/>
      <file name="extract-links.js" path="/home/sabrina/Documents/LABORATORIA - LIM010/LIM010-fe-md-links/MyLib/lib/extract-links.js">
        <metrics statements="43" coveredstatements="43" conditionals="10" coveredconditionals="9" methods="9" coveredmethods="9"/>
        <line num="1" count="1" type="stmt"/>
        <line num="2" count="1" type="stmt"/>
        <line num="4" count="1" type="stmt"/>
        <line num="5" count="4" type="stmt"/>
        <line num="7" count="4" type="stmt"/>
        <line num="8" count="12" type="stmt"/>
        <line num="11" count="12" type="stmt"/>
        <line num="12" count="12" type="stmt"/>
        <line num="14" count="12" type="stmt"/>
        <line num="15" count="12" type="stmt"/>
        <line num="17" count="12" type="stmt"/>
        <line num="18" count="28" type="stmt"/>
        <line num="23" count="28" type="stmt"/>
        <line num="26" count="4" type="stmt"/>
        <line num="29" count="1" type="stmt"/>
        <line num="30" count="4" type="stmt"/>
        <line num="31" count="4" type="stmt"/>
        <line num="32" count="32" type="cond" truecount="4" falsecount="0"/>
        <line num="33" count="12" type="stmt"/>
        <line num="36" count="4" type="stmt"/>
        <line num="39" count="1" type="stmt"/>
        <line num="40" count="12" type="stmt"/>
        <line num="41" count="12" type="stmt"/>
        <line num="42" count="12" type="stmt"/>
        <line num="43" count="12" type="stmt"/>
        <line num="44" count="32" type="cond" truecount="1" falsecount="1"/>
        <line num="47" count="32" type="cond" truecount="2" falsecount="0"/>
        <line num="50" count="32" type="stmt"/>
        <line num="52" count="12" type="stmt"/>
        <line num="55" count="1" type="stmt"/>
        <line num="56" count="6" type="stmt"/>
        <line num="57" count="6" type="stmt"/>
        <line num="58" count="4" type="stmt"/>
        <line num="60" count="2" type="stmt"/>
        <line num="64" count="1" type="stmt"/>
        <line num="65" count="4" type="stmt"/>
        <line num="66" count="4" type="cond" truecount="2" falsecount="0"/>
        <line num="67" count="3" type="stmt"/>
        <line num="68" count="3" type="stmt"/>
        <line num="69" count="3" type="stmt"/>
        <line num="71" count="1" type="stmt"/>
        <line num="73" count="4" type="stmt"/>
        <line num="76" count="1" type="stmt"/>
      </file>
      <file name="options.js" path="/home/sabrina/Documents/LABORATORIA - LIM010/LIM010-fe-md-links/MyLib/lib/options.js">
        <metrics statements="13" coveredstatements="11" conditionals="4" coveredconditionals="4" methods="4" coveredmethods="3"/>
        <line num="1" count="1" type="stmt"/>
        <line num="3" count="1" type="stmt"/>
        <line num="4" count="14" type="stmt"/>
        <line num="6" count="14" type="stmt"/>
        <line num="11" count="14" type="cond" truecount="4" falsecount="0"/>
        <line num="12" count="12" type="stmt"/>
        <line num="13" count="12" type="stmt"/>
        <line num="14" count="12" type="stmt"/>
        <line num="16" count="2" type="stmt"/>
        <line num="17" count="2" type="stmt"/>
        <line num="19" count="0" type="stmt"/>
        <line num="24" count="0" type="stmt"/>
        <line num="26" count="2" type="stmt"/>
      </file>
    </package>
    <package name="src">
      <metrics statements="11" coveredstatements="11" conditionals="4" coveredconditionals="3" methods="3" coveredmethods="3"/>
      <file name="md-links.js" path="/home/sabrina/Documents/LABORATORIA - LIM010/LIM010-fe-md-links/src/md-links.js">
        <metrics statements="11" coveredstatements="11" conditionals="4" coveredconditionals="3" methods="3" coveredmethods="3"/>
        <line num="4" count="1" type="stmt"/>
        <line num="6" count="1" type="stmt"/>
        <line num="7" count="2" type="stmt"/>
        <line num="8" count="2" type="stmt"/>
        <line num="9" count="2" type="cond" truecount="1" falsecount="1"/>
        <line num="10" count="2" type="stmt"/>
        <line num="12" count="2" type="stmt"/>
        <line num="13" count="2" type="cond" truecount="2" falsecount="0"/>
        <line num="14" count="1" type="stmt"/>
        <line num="15" count="1" type="stmt"/>
        <line num="17" count="1" type="stmt"/>
      </file>
    </package>
  </project>
</coverage>
