{"/home/sabrina/Documents/LABORATORIA - LIM010/LIM010-fe-md-links/MyLib/lib/extract-links.js": {"path":"/home/sabrina/Documents/LABORATORIA - LIM010/LIM010-fe-md-links/MyLib/lib/extract-links.js","statementMap":{"0":{"start":{"line":1,"column":11},"end":{"line":1,"column":24}},"1":{"start":{"line":2,"column":13},"end":{"line":2,"column":28}},"2":{"start":{"line":4,"column":21},"end":{"line":27,"column":1}},"3":{"start":{"line":5,"column":27},"end":{"line":5,"column":29}},"4":{"start":{"line":7,"column":2},"end":{"line":25,"column":5}},"5":{"start":{"line":8,"column":31},"end":{"line":8,"column":69}},"6":{"start":{"line":11,"column":27},"end":{"line":11,"column":52}},"7":{"start":{"line":12,"column":22},"end":{"line":12,"column":73}},"8":{"start":{"line":14,"column":23},"end":{"line":14,"column":50}},"9":{"start":{"line":15,"column":23},"end":{"line":15,"column":33}},"10":{"start":{"line":17,"column":4},"end":{"line":24,"column":7}},"11":{"start":{"line":18,"column":22},"end":{"line":22,"column":7}},"12":{"start":{"line":23,"column":6},"end":{"line":23,"column":37}},"13":{"start":{"line":26,"column":2},"end":{"line":26,"column":26}},"14":{"start":{"line":29,"column":25},"end":{"line":37,"column":1}},"15":{"start":{"line":30,"column":17},"end":{"line":30,"column":19}},"16":{"start":{"line":31,"column":2},"end":{"line":35,"column":5}},"17":{"start":{"line":32,"column":4},"end":{"line":34,"column":5}},"18":{"start":{"line":33,"column":6},"end":{"line":33,"column":24}},"19":{"start":{"line":36,"column":2},"end":{"line":36,"column":16}},"20":{"start":{"line":39,"column":21},"end":{"line":53,"column":1}},"21":{"start":{"line":40,"column":17},"end":{"line":40,"column":19}},"22":{"start":{"line":41,"column":20},"end":{"line":41,"column":22}},"23":{"start":{"line":42,"column":18},"end":{"line":42,"column":20}},"24":{"start":{"line":43,"column":2},"end":{"line":51,"column":5}},"25":{"start":{"line":44,"column":4},"end":{"line":46,"column":47}},"26":{"start":{"line":47,"column":4},"end":{"line":49,"column":49}},"27":{"start":{"line":50,"column":4},"end":{"line":50,"column":45}},"28":{"start":{"line":52,"column":2},"end":{"line":52,"column":32}},"29":{"start":{"line":55,"column":20},"end":{"line":62,"column":1}},"30":{"start":{"line":56,"column":2},"end":{"line":61,"column":3}},"31":{"start":{"line":57,"column":4},"end":{"line":57,"column":42}},"32":{"start":{"line":58,"column":4},"end":{"line":58,"column":16}},"33":{"start":{"line":60,"column":4},"end":{"line":60,"column":17}},"34":{"start":{"line":64,"column":32},"end":{"line":74,"column":1}},"35":{"start":{"line":65,"column":14},"end":{"line":65,"column":16}},"36":{"start":{"line":66,"column":2},"end":{"line":72,"column":3}},"37":{"start":{"line":67,"column":26},"end":{"line":67,"column":45}},"38":{"start":{"line":68,"column":26},"end":{"line":68,"column":57}},"39":{"start":{"line":69,"column":4},"end":{"line":69,"column":40}},"40":{"start":{"line":71,"column":4},"end":{"line":71,"column":51}},"41":{"start":{"line":73,"column":2},"end":{"line":73,"column":15}},"42":{"start":{"line":76,"column":0},"end":{"line":78,"column":2}}},"fnMap":{"0":{"name":"(anonymous_0)","decl":{"start":{"line":4,"column":21},"end":{"line":4,"column":22}},"loc":{"start":{"line":4,"column":37},"end":{"line":27,"column":1}},"line":4},"1":{"name":"(anonymous_1)","decl":{"start":{"line":7,"column":21},"end":{"line":7,"column":22}},"loc":{"start":{"line":7,"column":37},"end":{"line":25,"column":3}},"line":7},"2":{"name":"(anonymous_2)","decl":{"start":{"line":17,"column":22},"end":{"line":17,"column":23}},"loc":{"start":{"line":17,"column":32},"end":{"line":24,"column":5}},"line":17},"3":{"name":"(anonymous_3)","decl":{"start":{"line":29,"column":25},"end":{"line":29,"column":26}},"loc":{"start":{"line":29,"column":43},"end":{"line":37,"column":1}},"line":29},"4":{"name":"(anonymous_4)","decl":{"start":{"line":31,"column":23},"end":{"line":31,"column":24}},"loc":{"start":{"line":31,"column":33},"end":{"line":35,"column":3}},"line":31},"5":{"name":"(anonymous_5)","decl":{"start":{"line":39,"column":21},"end":{"line":39,"column":22}},"loc":{"start":{"line":39,"column":30},"end":{"line":53,"column":1}},"line":39},"6":{"name":"(anonymous_6)","decl":{"start":{"line":43,"column":30},"end":{"line":43,"column":31}},"loc":{"start":{"line":43,"column":40},"end":{"line":51,"column":3}},"line":43},"7":{"name":"(anonymous_7)","decl":{"start":{"line":55,"column":20},"end":{"line":55,"column":21}},"loc":{"start":{"line":55,"column":29},"end":{"line":62,"column":1}},"line":55},"8":{"name":"(anonymous_8)","decl":{"start":{"line":64,"column":32},"end":{"line":64,"column":33}},"loc":{"start":{"line":64,"column":43},"end":{"line":74,"column":1}},"line":64}},"branchMap":{"0":{"loc":{"start":{"line":32,"column":4},"end":{"line":34,"column":5}},"type":"if","locations":[{"start":{"line":32,"column":4},"end":{"line":34,"column":5}},{"start":{"line":32,"column":4},"end":{"line":34,"column":5}}],"line":32},"1":{"loc":{"start":{"line":32,"column":8},"end":{"line":32,"column":102}},"type":"binary-expr","locations":[{"start":{"line":32,"column":8},"end":{"line":32,"column":50}},{"start":{"line":32,"column":54},"end":{"line":32,"column":102}}],"line":32},"2":{"loc":{"start":{"line":44,"column":16},"end":{"line":46,"column":46}},"type":"cond-expr","locations":[{"start":{"line":45,"column":8},"end":{"line":45,"column":42}},{"start":{"line":46,"column":8},"end":{"line":46,"column":46}}],"line":44},"3":{"loc":{"start":{"line":47,"column":18},"end":{"line":49,"column":48}},"type":"cond-expr","locations":[{"start":{"line":48,"column":8},"end":{"line":48,"column":42}},{"start":{"line":49,"column":8},"end":{"line":49,"column":48}}],"line":47},"4":{"loc":{"start":{"line":66,"column":2},"end":{"line":72,"column":3}},"type":"if","locations":[{"start":{"line":66,"column":2},"end":{"line":72,"column":3}},{"start":{"line":66,"column":2},"end":{"line":72,"column":3}}],"line":66}},"s":{"0":1,"1":1,"2":1,"3":4,"4":4,"5":12,"6":12,"7":12,"8":12,"9":12,"10":12,"11":28,"12":28,"13":4,"14":1,"15":4,"16":4,"17":32,"18":12,"19":4,"20":1,"21":12,"22":12,"23":12,"24":12,"25":32,"26":32,"27":32,"28":12,"29":1,"30":6,"31":6,"32":4,"33":2,"34":1,"35":4,"36":4,"37":3,"38":3,"39":3,"40":1,"41":4,"42":1},"f":{"0":4,"1":12,"2":28,"3":4,"4":32,"5":12,"6":32,"7":6,"8":4},"b":{"0":[12,20],"1":[32,20],"2":[0,32],"3":[8,24],"4":[3,1]},"_coverageSchema":"43e27e138ebf9cfc5966b082cf9a028302ed4184","hash":"b5fbafe408ad092faf0aff10603d52baf0820eea"}
,"/home/sabrina/Documents/LABORATORIA - LIM010/LIM010-fe-md-links/MyLib/lib/options.js": {"path":"/home/sabrina/Documents/LABORATORIA - LIM010/LIM010-fe-md-links/MyLib/lib/options.js","statementMap":{"0":{"start":{"line":1,"column":14},"end":{"line":1,"column":35}},"1":{"start":{"line":3,"column":22},"end":{"line":27,"column":1}},"2":{"start":{"line":4,"column":24},"end":{"line":25,"column":7}},"3":{"start":{"line":4,"column":46},"end":{"line":25,"column":6}},"4":{"start":{"line":6,"column":25},"end":{"line":10,"column":7}},"5":{"start":{"line":11,"column":6},"end":{"line":15,"column":7}},"6":{"start":{"line":12,"column":8},"end":{"line":12,"column":44}},"7":{"start":{"line":13,"column":8},"end":{"line":13,"column":30}},"8":{"start":{"line":14,"column":8},"end":{"line":14,"column":26}},"9":{"start":{"line":16,"column":6},"end":{"line":16,"column":42}},"10":{"start":{"line":17,"column":6},"end":{"line":17,"column":24}},"11":{"start":{"line":19,"column":24},"end":{"line":23,"column":7}},"12":{"start":{"line":24,"column":6},"end":{"line":24,"column":23}},"13":{"start":{"line":26,"column":2},"end":{"line":26,"column":36}}},"fnMap":{"0":{"name":"(anonymous_0)","decl":{"start":{"line":3,"column":22},"end":{"line":3,"column":23}},"loc":{"start":{"line":3,"column":34},"end":{"line":27,"column":1}},"line":3},"1":{"name":"(anonymous_1)","decl":{"start":{"line":4,"column":35},"end":{"line":4,"column":36}},"loc":{"start":{"line":4,"column":46},"end":{"line":25,"column":6}},"line":4},"2":{"name":"(anonymous_2)","decl":{"start":{"line":5,"column":10},"end":{"line":5,"column":11}},"loc":{"start":{"line":5,"column":24},"end":{"line":18,"column":5}},"line":5},"3":{"name":"(anonymous_3)","decl":{"start":{"line":18,"column":13},"end":{"line":18,"column":14}},"loc":{"start":{"line":18,"column":22},"end":{"line":25,"column":5}},"line":18}},"branchMap":{"0":{"loc":{"start":{"line":11,"column":6},"end":{"line":15,"column":7}},"type":"if","locations":[{"start":{"line":11,"column":6},"end":{"line":15,"column":7}},{"start":{"line":11,"column":6},"end":{"line":15,"column":7}}],"line":11},"1":{"loc":{"start":{"line":11,"column":10},"end":{"line":11,"column":57}},"type":"binary-expr","locations":[{"start":{"line":11,"column":10},"end":{"line":11,"column":32}},{"start":{"line":11,"column":36},"end":{"line":11,"column":57}}],"line":11}},"s":{"0":1,"1":1,"2":2,"3":14,"4":14,"5":14,"6":12,"7":12,"8":12,"9":2,"10":2,"11":0,"12":0,"13":2},"f":{"0":2,"1":14,"2":14,"3":0},"b":{"0":[12,2],"1":[14,14]},"_coverageSchema":"43e27e138ebf9cfc5966b082cf9a028302ed4184","hash":"ac2e929b3b03e7f6d8c89dde1d9ca4710e37ea30"}
,"/home/sabrina/Documents/LABORATORIA - LIM010/LIM010-fe-md-links/src/md-links.js": {"path":"/home/sabrina/Documents/LABORATORIA - LIM010/LIM010-fe-md-links/src/md-links.js","statementMap":{"0":{"start":{"line":4,"column":13},"end":{"line":4,"column":28}},"1":{"start":{"line":6,"column":23},"end":{"line":20,"column":1}},"2":{"start":{"line":7,"column":16},"end":{"line":7,"column":23}},"3":{"start":{"line":8,"column":2},"end":{"line":19,"column":5}},"4":{"start":{"line":9,"column":4},"end":{"line":11,"column":5}},"5":{"start":{"line":10,"column":6},"end":{"line":10,"column":38}},"6":{"start":{"line":12,"column":27},"end":{"line":12,"column":59}},"7":{"start":{"line":13,"column":4},"end":{"line":18,"column":5}},"8":{"start":{"line":14,"column":6},"end":{"line":15,"column":47}},"9":{"start":{"line":15,"column":28},"end":{"line":15,"column":45}},"10":{"start":{"line":17,"column":6},"end":{"line":17,"column":30}}},"fnMap":{"0":{"name":"(anonymous_0)","decl":{"start":{"line":6,"column":23},"end":{"line":6,"column":24}},"loc":{"start":{"line":6,"column":45},"end":{"line":20,"column":1}},"line":6},"1":{"name":"(anonymous_1)","decl":{"start":{"line":8,"column":21},"end":{"line":8,"column":22}},"loc":{"start":{"line":8,"column":34},"end":{"line":19,"column":3}},"line":8},"2":{"name":"(anonymous_2)","decl":{"start":{"line":15,"column":14},"end":{"line":15,"column":15}},"loc":{"start":{"line":15,"column":28},"end":{"line":15,"column":45}},"line":15}},"branchMap":{"0":{"loc":{"start":{"line":9,"column":4},"end":{"line":11,"column":5}},"type":"if","locations":[{"start":{"line":9,"column":4},"end":{"line":11,"column":5}},{"start":{"line":9,"column":4},"end":{"line":11,"column":5}}],"line":9},"1":{"loc":{"start":{"line":13,"column":4},"end":{"line":18,"column":5}},"type":"if","locations":[{"start":{"line":13,"column":4},"end":{"line":18,"column":5}},{"start":{"line":13,"column":4},"end":{"line":18,"column":5}}],"line":13}},"s":{"0":1,"1":1,"2":2,"3":2,"4":2,"5":2,"6":2,"7":2,"8":1,"9":1,"10":1},"f":{"0":2,"1":2,"2":1},"b":{"0":[2,0],"1":[1,1]},"_coverageSchema":"43e27e138ebf9cfc5966b082cf9a028302ed4184","hash":"14c191d3f5f4ff8a922ed27ded99f83e98c32b55"}
}
