TN:
SF:/home/sabrina/Documents/LABORATORIA - LIM010/LIM010-fe-md-links/src/extract-links.js
FN:4,(anonymous_0)
FN:7,(anonymous_1)
FN:17,(anonymous_2)
FN:29,(anonymous_3)
FN:31,(anonymous_4)
FN:39,(anonymous_5)
FN:43,(anonymous_6)
FN:55,(anonymous_7)
FN:64,(anonymous_8)
FNF:9
FNH:9
FNDA:4,(anonymous_0)
FNDA:12,(anonymous_1)
FNDA:28,(anonymous_2)
FNDA:4,(anonymous_3)
FNDA:32,(anonymous_4)
FNDA:12,(anonymous_5)
FNDA:32,(anonymous_6)
FNDA:6,(anonymous_7)
FNDA:4,(anonymous_8)
DA:1,1
DA:2,1
DA:4,1
DA:5,4
DA:7,4
DA:8,12
DA:11,12
DA:12,12
DA:14,12
DA:15,12
DA:17,12
DA:18,28
DA:23,28
DA:26,4
DA:29,1
DA:30,4
DA:31,4
DA:32,32
DA:33,12
DA:36,4
DA:39,1
DA:40,12
DA:41,12
DA:42,12
DA:43,12
DA:44,32
DA:47,32
DA:50,32
DA:52,12
DA:55,1
DA:56,6
DA:57,6
DA:58,4
DA:60,2
DA:64,1
DA:65,4
DA:66,4
DA:67,3
DA:68,3
DA:69,3
DA:71,1
DA:73,4
DA:76,1
LF:43
LH:43
BRDA:32,0,0,12
BRDA:32,0,1,20
BRDA:32,1,0,32
BRDA:32,1,1,20
BRDA:44,2,0,0
BRDA:44,2,1,32
BRDA:47,3,0,8
BRDA:47,3,1,24
BRDA:66,4,0,3
BRDA:66,4,1,1
BRF:10
BRH:9
end_of_record
TN:
SF:/home/sabrina/Documents/LABORATORIA - LIM010/LIM010-fe-md-links/src/md-links.js
FN:6,(anonymous_0)
FN:8,(anonymous_1)
FN:15,(anonymous_2)
FNF:3
FNH:3
FNDA:2,(anonymous_0)
FNDA:2,(anonymous_1)
FNDA:1,(anonymous_2)
DA:4,1
DA:6,1
DA:7,2
DA:8,2
DA:9,2
DA:10,2
DA:12,2
DA:13,2
DA:14,1
DA:15,1
DA:17,1
LF:11
LH:11
BRDA:9,0,0,2
BRDA:9,0,1,0
BRDA:13,1,0,1
BRDA:13,1,1,1
BRF:4
BRH:3
end_of_record
TN:
SF:/home/sabrina/Documents/LABORATORIA - LIM010/LIM010-fe-md-links/src/options.js
FN:3,(anonymous_0)
FN:4,(anonymous_1)
FN:5,(anonymous_2)
FN:18,(anonymous_3)
FNF:4
FNH:3
FNDA:2,(anonymous_0)
FNDA:14,(anonymous_1)
FNDA:14,(anonymous_2)
FNDA:0,(anonymous_3)
DA:1,1
DA:3,1
DA:4,14
DA:6,14
DA:11,14
DA:12,12
DA:13,12
DA:14,12
DA:16,2
DA:17,2
DA:19,0
DA:24,0
DA:26,2
LF:13
LH:11
BRDA:11,0,0,12
BRDA:11,0,1,2
BRDA:11,1,0,14
BRDA:11,1,1,14
BRF:4
BRH:4
end_of_record
